2022-05-23T12:13:31.700Z	::1	POST	/korisnici	404	9 bytes	2.234 ms
2022-05-23T12:13:48.786Z	::1	GET	/korisnici	404	9 bytes	0.333 ms
2022-05-23T12:13:49.541Z	::1	GET	/korisnici	404	9 bytes	0.250 ms
2022-05-23T12:13:50.880Z	::1	GET	/korisnici	404	9 bytes	0.293 ms
2022-05-23T12:13:51.518Z	::1	GET	/korisnici	404	9 bytes	0.403 ms
2022-05-23T12:13:51.914Z	::1	GET	/korisnici	404	9 bytes	0.290 ms
2022-05-23T12:13:52.355Z	::1	GET	/korisnici	404	9 bytes	0.285 ms
2022-05-23T12:13:52.796Z	::1	GET	/korisnici	404	9 bytes	0.296 ms
2022-05-23T12:15:11.175Z	::1	GET	/korisnici	404	9 bytes	0.496 ms
2022-05-23T12:16:47.187Z	::1	POST	/korisnici	400	1233 bytes	17.372 ms
2022-05-23T12:16:51.813Z	::1	GET	/korisnici	400	1233 bytes	1.642 ms
2022-05-23T12:16:52.582Z	::1	GET	/korisnici	400	1233 bytes	0.654 ms
2022-05-23T12:16:53.217Z	::1	GET	/korisnici	400	1233 bytes	0.689 ms
2022-05-23T12:16:54.611Z	::1	GET	/korisnici	400	1233 bytes	0.876 ms
2022-05-23T12:16:57.077Z	::1	GET	/korisnici	404	9 bytes	1.420 ms
2022-05-23T12:17:44.867Z	::1	GET	/korisnici	404	9 bytes	0.494 ms
2022-05-23T12:17:48.168Z	::1	POST	/korisnici	404	9 bytes	0.541 ms
2022-05-23T12:17:48.990Z	::1	POST	/korisnici	404	9 bytes	0.676 ms
2022-05-23T12:17:49.409Z	::1	POST	/korisnici	404	9 bytes	1.078 ms
2022-05-23T12:17:49.883Z	::1	POST	/korisnici	404	9 bytes	0.487 ms
2022-05-23T12:17:50.286Z	::1	POST	/korisnici	404	9 bytes	0.373 ms
2022-05-23T12:17:50.758Z	::1	POST	/korisnici	404	9 bytes	0.621 ms
2022-05-23T12:17:51.169Z	::1	POST	/korisnici	404	9 bytes	0.811 ms
2022-05-23T12:17:51.550Z	::1	POST	/korisnici	404	9 bytes	0.580 ms
2022-05-23T12:39:19.902Z	::1	GET	/korisnici	404	9 bytes	11.777 ms
2022-05-23T12:39:39.722Z	::1	POST	/korisnici	404	9 bytes	0.816 ms
2022-05-23T12:39:40.627Z	::1	POST	/korisnici	404	9 bytes	0.746 ms
2022-05-23T12:39:41.062Z	::1	POST	/korisnici	404	9 bytes	0.479 ms
2022-05-23T12:40:31.629Z	::1	POST	/korisnici	404	9 bytes	12.475 ms
2022-05-23T12:49:26.521Z	::1	GET	/korisnici	-	- bytes	- ms
2022-05-23T12:49:32.815Z	::1	POST	/korisnici	-	- bytes	- ms
2022-05-23T12:49:38.736Z	::1	POST	/korisnici	-	- bytes	- ms
2022-05-23T12:49:49.264Z	::1	GET	/korisnici	-	- bytes	- ms
2022-05-23T12:50:09.185Z	::1	GET	/korisnici	-	- bytes	- ms
2022-05-23T12:50:15.287Z	::1	GET	/korisnici	-	- bytes	- ms
2022-05-23T13:08:58.326Z	::1	GET	/korisnici	-	- bytes	- ms
2022-05-23T13:13:04.367Z	::1	GET	/korisnici/1	200	35 bytes	22.742 ms
2022-05-23T13:13:11.413Z	::1	GET	/korisnici	200	2 bytes	2.508 ms
2022-05-23T13:13:15.594Z	::1	POST	/korisnici	200	550 bytes	13.406 ms
2022-05-23T13:13:32.241Z	::1	POST	/korisnici	400	1234 bytes	2.150 ms
2022-05-23T13:13:39.019Z	::1	POST	/korisnici	200	2 bytes	0.999 ms
2022-05-23T13:13:42.363Z	::1	POST	/korisnici	200	2 bytes	0.680 ms
2022-05-23T13:13:45.690Z	::1	GET	/korisnici	200	2 bytes	1.193 ms
2022-05-23T13:13:46.462Z	::1	GET	/korisnici	200	2 bytes	1.442 ms
2022-05-23T13:13:54.001Z	::1	POST	/korisnici	200	2 bytes	0.868 ms
2022-05-23T13:13:54.791Z	::1	POST	/korisnici	200	2 bytes	0.748 ms
2022-05-23T13:13:59.915Z	::1	POST	/korisnici	200	550 bytes	3.920 ms
2022-05-23T13:17:45.527Z	::1	POST	/korisnici	200	35 bytes	7.206 ms
2022-05-23T13:17:54.124Z	::1	GET	/korisnici	200	123 bytes	1.351 ms
2022-05-23T13:17:59.470Z	::1	GET	/korisnici	200	123 bytes	2.235 ms
2022-05-23T13:18:04.156Z	::1	GET	/korisnici/3	200	35 bytes	1.393 ms
2022-05-23T13:18:05.327Z	::1	GET	/korisnici/2	200	35 bytes	1.606 ms
2022-05-23T13:18:06.362Z	::1	GET	/korisnici/1	200	35 bytes	1.489 ms
2022-05-23T13:18:07.671Z	::1	GET	/korisnici/0	200	35 bytes	1.169 ms
2022-05-23T13:18:09.493Z	::1	GET	/korisnici/:3	200	35 bytes	1.063 ms
2022-05-23T13:18:11.487Z	::1	GET	/korisnici/	200	123 bytes	1.917 ms
2022-05-23T13:18:12.413Z	::1	GET	/korisnici	200	123 bytes	1.121 ms
2022-05-23T13:18:49.913Z	::1	GET	/korisnici	200	123 bytes	1.155 ms
2022-05-23T13:19:00.201Z	::1	GET	/korisnici/1	200	35 bytes	0.867 ms
2022-05-23T13:19:01.233Z	::1	GET	/korisnici/2	200	35 bytes	1.059 ms
2022-05-23T13:19:02.286Z	::1	GET	/korisnici/3	200	35 bytes	1.079 ms
2022-05-23T13:19:03.401Z	::1	GET	/korisnici/4	200	35 bytes	1.101 ms
2022-05-23T13:19:05.037Z	::1	GET	/korisnici/3	200	35 bytes	1.242 ms
2022-05-23T13:19:27.010Z	::1	GET	/korisnici/3	200	35 bytes	24.378 ms
2022-05-23T13:19:29.594Z	::1	GET	/korisnici/1	200	35 bytes	3.809 ms
2022-05-23T13:19:30.717Z	::1	GET	/korisnici/2	200	35 bytes	1.835 ms
2022-05-23T13:19:31.745Z	::1	GET	/korisnici/3	200	35 bytes	1.471 ms
2022-05-23T13:20:46.841Z	::1	GET	/korisnici/	200	123 bytes	19.962 ms
2022-05-23T13:20:49.308Z	::1	GET	/korisnici/3	200	242 bytes	3.620 ms
2022-05-23T13:27:48.733Z	::1	GET	/korisnici/3	200	35 bytes	18.947 ms
2022-05-23T13:27:51.810Z	::1	GET	/korisnici/1	200	35 bytes	2.619 ms
2022-05-23T13:27:53.078Z	::1	GET	/korisnici	500	44 bytes	1.678 ms
2022-05-23T13:28:55.868Z	::1	GET	/korisnici	200	123 bytes	17.569 ms
2022-05-23T13:28:59.739Z	::1	GET	/korisnici/3	200	35 bytes	5.889 ms
2022-05-23T13:29:01.185Z	::1	GET	/korisnici/2	200	35 bytes	1.869 ms
2022-05-23T13:29:02.181Z	::1	GET	/korisnici/3	200	35 bytes	1.555 ms
2022-05-23T13:29:39.250Z	::1	GET	/korisnici/3	200	121 bytes	18.320 ms
2022-05-23T13:29:40.204Z	::1	GET	/korisnici/3	200	121 bytes	3.395 ms
2022-05-23T13:29:42.397Z	::1	GET	/korisnici/2	200	0 bytes	1.490 ms
2022-05-23T13:29:43.512Z	::1	GET	/korisnici/1	200	0 bytes	1.404 ms
2022-05-23T13:29:44.920Z	::1	GET	/korisnici	200	123 bytes	1.834 ms
